"C:\Program Files\JetBrains\CLion\bin\cmake\win\bin\cmake.exe" -DCMAKE_BUILD_TYPE=Debug -G "CodeBlocks - MinGW Makefiles" C:\Users\Синявские\CLionProjects\untitled
-- The C compiler identification is GNU 8.1.0
-- The CXX compiler identification is GNU 8.1.0
-- Check for working C compiler: C:/Program Files/mingw-w64/mingw64/bin/gcc.exe
-- Check for working C compiler: C:/Program Files/mingw-w64/mingw64/bin/gcc.exe -- broken
CMake Error at C:/Program Files/JetBrains/CLion/bin/cmake/win/share/cmake-3.15/Modules/CMakeTestCCompiler.cmake:60 (message):
  The C compiler

    "C:/Program Files/mingw-w64/mingw64/bin/gcc.exe"

  is not able to compile a simple test program.

  It fails with the following output:

    Change Dir: C:/Users/РЎРёРЅСЏРІСЃРєРёРµ/CLionProjects/untitled/cmake-build-debug/CMakeFiles/CMakeTmp
    
    Run Build Command(s):C:/PROGRA~1/MINGW-~1/mingw64/bin/mingw32-make.exe cmTC_bf1ed/fast && C:/PROGRA~1/MINGW-~1/mingw64/bin/mingw32-make.exe -f CMakeFiles\cmTC_bf1ed.dir\build.make CMakeFiles/cmTC_bf1ed.dir/build
    mingw32-make.exe[1]: Entering directory 'C:/Users/в•¤С€СЌВ С‚С‘СЉС€С…/CLionProjects/untitled/cmake-build-debug/CMakeFiles/CMakeTmp'
    Building C object CMakeFiles/cmTC_bf1ed.dir/testCCompiler.c.obj
    C:\PROGRA~1\MINGW-~1\mingw64\bin\gcc.exe    -o CMakeFiles\cmTC_bf1ed.dir\testCCompiler.c.obj   -c C:\Users\в•ЁР±в•Ёв••в•Ёв•њв•¤Рџв•Ёв–“в•¤Р‘в•Ёв•‘в•Ёв••в•Ёв•Ў\CLionProjects\untitled\cmake-build-debug\CMakeFiles\CMakeTmp\testCCompiler.c
    gcc.exe: error: C:\Users\в•ЁР±в•Ёв••в•Ёв•њв•¤Рџв•Ёв–“в•¤Р‘в•Ёв•‘в•Ёв••в•Ёв•Ў\CLionProjects\untitled\cmake-build-debug\CMakeFiles\CMakeTmp\testCCompiler.c: No such file or directory
    gcc.exe: fatal error: no input files
    compilation terminated.
    mingw32-make.exe[1]: *** [CMakeFiles\cmTC_bf1ed.dir\build.make:65: CMakeFiles/cmTC_bf1ed.dir/testCCompiler.c.obj] Error 1
    mingw32-make.exe[1]: Leaving directory 'C:/Users/в•¤С€СЌВ С‚С‘СЉС€С…/CLionProjects/untitled/cmake-build-debug/CMakeFiles/CMakeTmp'
    mingw32-make.exe: *** [Makefile:120: cmTC_bf1ed/fast] Error 2
    
    

  

  CMake will not be able to correctly generate this project.
Call Stack (most recent call first):
  CMakeLists.txt:2 (project)


-- Configuring incomplete, errors occurred!
See also "C:/Users/РЎРёРЅСЏРІСЃРєРёРµ/CLionProjects/untitled/cmake-build-debug/CMakeFiles/CMakeOutput.log".
See also "C:/Users/РЎРёРЅСЏРІСЃРєРёРµ/CLionProjects/untitled/cmake-build-debug/CMakeFiles/CMakeError.log".
